<!DOCTYPE html>

<html>
  <head>
  <meta charset='utf-8'>
  <title>TestNG reports</title>

    <link type="text/css" href="testng-reports1.css" rel="stylesheet" id="ultra" />
    <link type="text/css" href="testng-reports.css" rel="stylesheet" id="retro" disabled="false"/>
    <script type="text/javascript" src="jquery.min.js"></script>
    <script type="text/javascript" src="testng-reports.js"></script>
    <script type="text/javascript" src="https://www.google.com/jsapi"></script>
    <script type='text/javascript'>
      google.load('visualization', '1', {packages:['table']});
      google.setOnLoadCallback(drawTable);
      var suiteTableInitFunctions = new Array();
      var suiteTableData = new Array();
    </script>
    <!--
      <script type="text/javascript" src="jquery-ui/js/jquery-ui-1.8.16.custom.min.js"></script>
     -->
  </head>

  <body>
    <div class="top-banner-root">
      <span class="top-banner-title-font">Test results</span>
      <button id="button" class="button">Switch Retro Theme</button> <!-- button -->
      <br/>
      <span class="top-banner-font-1">1 suite, 1 failed test</span>
    </div> <!-- top-banner-root -->
    <div class="navigator-root">
      <div class="navigator-suite-header">
        <span>All suites</span>
        <a href="#" title="Collapse/expand all the suites" class="collapse-all-link">
          <img src="collapseall.gif" class="collapse-all-icon">
          </img> <!-- collapse-all-icon -->
        </a> <!-- collapse-all-link -->
      </div> <!-- navigator-suite-header -->
      <div class="suite">
        <div class="rounded-window">
          <div class="suite-header light-rounded-window-top">
            <a href="#" panel-name="suite-_UI_Bank_Application_Automation_Suite" class="navigator-link">
              <span class="suite-name border-failed"> UI Bank Application Automation Suite</span>
            </a> <!-- navigator-link -->
          </div> <!-- suite-header light-rounded-window-top -->
          <div class="navigator-suite-content">
            <div class="suite-section-title">
              <span>Info</span>
            </div> <!-- suite-section-title -->
            <div class="suite-section-content">
              <ul>
                <li>
                  <a href="#" panel-name="test-xml-_UI_Bank_Application_Automation_Suite" class="navigator-link ">
                    <span>C:\Users\USER\eclipse-workspace\UI_Bank\testng.xml</span>
                  </a> <!-- navigator-link  -->
                </li>
                <li>
                  <a href="#" panel-name="testlist-_UI_Bank_Application_Automation_Suite" class="navigator-link ">
                    <span class="test-stats">1 test</span>
                  </a> <!-- navigator-link  -->
                </li>
                <li>
                  <a href="#" panel-name="group-_UI_Bank_Application_Automation_Suite" class="navigator-link ">
                    <span>0 groups</span>
                  </a> <!-- navigator-link  -->
                </li>
                <li>
                  <a href="#" panel-name="times-_UI_Bank_Application_Automation_Suite" class="navigator-link ">
                    <span>Times</span>
                  </a> <!-- navigator-link  -->
                </li>
                <li>
                  <a href="#" panel-name="reporter-_UI_Bank_Application_Automation_Suite" class="navigator-link ">
                    <span>Reporter output</span>
                  </a> <!-- navigator-link  -->
                </li>
                <li>
                  <a href="#" panel-name="ignored-methods-_UI_Bank_Application_Automation_Suite" class="navigator-link ">
                    <span>Ignored methods</span>
                  </a> <!-- navigator-link  -->
                </li>
                <li>
                  <a href="#" panel-name="chronological-_UI_Bank_Application_Automation_Suite" class="navigator-link ">
                    <span>Chronological view</span>
                  </a> <!-- navigator-link  -->
                </li>
              </ul>
            </div> <!-- suite-section-content -->
            <div class="result-section">
              <div class="suite-section-title">
                <span>Results</span>
              </div> <!-- suite-section-title -->
              <div class="suite-section-content">
                <ul>
                  <li>
                    <span class="method-stats">16 methods, 1 failed,   15 passed</span>
                  </li>
                  <li>
                    <span class="method-list-title failed">Failed methods</span>
                    <span class="show-or-hide-methods failed">
                      <a href="#" panel-name="suite-_UI_Bank_Application_Automation_Suite" class="hide-methods failed suite-_UI_Bank_Application_Automation_Suite"> (hide)</a> <!-- hide-methods failed suite-_UI_Bank_Application_Automation_Suite -->
                      <a href="#" panel-name="suite-_UI_Bank_Application_Automation_Suite" class="show-methods failed suite-_UI_Bank_Application_Automation_Suite"> (show)</a> <!-- show-methods failed suite-_UI_Bank_Application_Automation_Suite -->
                    </span>
                    <div class="method-list-content failed suite-_UI_Bank_Application_Automation_Suite">
                      <span>
                        <img src="failed.png" width="3%"/>
                        <a href="#" panel-name="suite-_UI_Bank_Application_Automation_Suite" title="Tescases.LoginPageDDTest2" class="method navigator-link" hash-for-method="ValidateloginCredtential(jacksin, haihello)">ValidateloginCredtential(jacksin, haihello)</a> <!-- method navigator-link -->
                      </span>
                      <br/>
                    </div> <!-- method-list-content failed suite-_UI_Bank_Application_Automation_Suite -->
                  </li>
                  <li>
                    <span class="method-list-title passed">Passed methods</span>
                    <span class="show-or-hide-methods passed">
                      <a href="#" panel-name="suite-_UI_Bank_Application_Automation_Suite" class="hide-methods passed suite-_UI_Bank_Application_Automation_Suite"> (hide)</a> <!-- hide-methods passed suite-_UI_Bank_Application_Automation_Suite -->
                      <a href="#" panel-name="suite-_UI_Bank_Application_Automation_Suite" class="show-methods passed suite-_UI_Bank_Application_Automation_Suite"> (show)</a> <!-- show-methods passed suite-_UI_Bank_Application_Automation_Suite -->
                    </span>
                    <div class="method-list-content passed suite-_UI_Bank_Application_Automation_Suite">
                      <span>
                        <img src="passed.png" width="3%"/>
                        <a href="#" panel-name="suite-_UI_Bank_Application_Automation_Suite" title="Tescases.LoginPageTest" class="method navigator-link" hash-for-method="LogiTest">LogiTest</a> <!-- method navigator-link -->
                      </span>
                      <br/>
                      <span>
                        <img src="passed.png" width="3%"/>
                        <a href="#" panel-name="suite-_UI_Bank_Application_Automation_Suite" title="Tescases.ApplyLoanPageWay2Test" class="method navigator-link" hash-for-method="ValidateApplyLoanWay2Test(java@yahoo.com, 2500, 3, 31400, 35)">ValidateApplyLoanWay2Test(java@yahoo.com, 2500, 3, 31400, 35)</a> <!-- method navigator-link -->
                      </span>
                      <br/>
                      <span>
                        <img src="passed.png" width="3%"/>
                        <a href="#" panel-name="suite-_UI_Bank_Application_Automation_Suite" title="Tescases.ApplyLoanPageWay2Test" class="method navigator-link" hash-for-method="ValidateApplyLoanWay2Test(nosiko@gmail.com, 3000, 1, 45000, 22)">ValidateApplyLoanWay2Test(nosiko@gmail.com, 3000, 1, 45000, 22)</a> <!-- method navigator-link -->
                      </span>
                      <br/>
                      <span>
                        <img src="passed.png" width="3%"/>
                        <a href="#" panel-name="suite-_UI_Bank_Application_Automation_Suite" title="Tescases.NewAccountCreationPageTest" class="method navigator-link" hash-for-method="ValidateNewAccountCreationTest">ValidateNewAccountCreationTest</a> <!-- method navigator-link -->
                      </span>
                      <br/>
                      <span>
                        <img src="passed.png" width="3%"/>
                        <a href="#" panel-name="suite-_UI_Bank_Application_Automation_Suite" title="Tescases.RegisterationPageTest" class="method navigator-link" hash-for-method="ValidateRegisterPageTest(abhiske, Mr, M, kumar, Male, Full-time, 27/04/1998, Widowed, 2)">ValidateRegisterPageTest(abhiske, Mr, M, kumar, Male, Full-time, 27/04/1998, Widowed, 2)</a> <!-- method navigator-link -->
                      </span>
                      <br/>
                      <span>
                        <img src="passed.png" width="3%"/>
                        <a href="#" panel-name="suite-_UI_Bank_Application_Automation_Suite" title="Tescases.TransferfundPageTest" class="method navigator-link" hash-for-method="VerifyConfrimTransferTest">VerifyConfrimTransferTest</a> <!-- method navigator-link -->
                      </span>
                      <br/>
                      <span>
                        <img src="passed.png" width="3%"/>
                        <a href="#" panel-name="suite-_UI_Bank_Application_Automation_Suite" title="Tescases.HomePageTest" class="method navigator-link" hash-for-method="VerifyclickTransfrerFundTest">VerifyclickTransfrerFundTest</a> <!-- method navigator-link -->
                      </span>
                      <br/>
                      <span>
                        <img src="passed.png" width="3%"/>
                        <a href="#" panel-name="suite-_UI_Bank_Application_Automation_Suite" title="Tescases.LoginPageTest" class="method navigator-link" hash-for-method="loginpagetittleTest">loginpagetittleTest</a> <!-- method navigator-link -->
                      </span>
                      <br/>
                      <span>
                        <img src="passed.png" width="3%"/>
                        <a href="#" panel-name="suite-_UI_Bank_Application_Automation_Suite" title="Tescases.LoginPageTest" class="method navigator-link" hash-for-method="logotest">logotest</a> <!-- method navigator-link -->
                      </span>
                      <br/>
                      <span>
                        <img src="passed.png" width="3%"/>
                        <a href="#" panel-name="suite-_UI_Bank_Application_Automation_Suite" title="Tescases.ApplyLoanPageWay1Test" class="method navigator-link" hash-for-method="validateApplyLoanformWay1(java@yahoo.com, 2500, 3, 31400, 35)">validateApplyLoanformWay1(java@yahoo.com, 2500, 3, 31400, 35)</a> <!-- method navigator-link -->
                      </span>
                      <br/>
                      <span>
                        <img src="passed.png" width="3%"/>
                        <a href="#" panel-name="suite-_UI_Bank_Application_Automation_Suite" title="Tescases.ApplyLoanPageWay1Test" class="method navigator-link" hash-for-method="validateApplyLoanformWay1(nosiko@gmail.com, 3000, 1, 45000, 22)">validateApplyLoanformWay1(nosiko@gmail.com, 3000, 1, 45000, 22)</a> <!-- method navigator-link -->
                      </span>
                      <br/>
                      <span>
                        <img src="passed.png" width="3%"/>
                        <a href="#" panel-name="suite-_UI_Bank_Application_Automation_Suite" title="Tescases.HomePageTest" class="method navigator-link" hash-for-method="verifyHomepageTittleTest">verifyHomepageTittleTest</a> <!-- method navigator-link -->
                      </span>
                      <br/>
                      <span>
                        <img src="passed.png" width="3%"/>
                        <a href="#" panel-name="suite-_UI_Bank_Application_Automation_Suite" title="Tescases.NewAccountCreationPageTest" class="method navigator-link" hash-for-method="verifyNewAccountTittleTest">verifyNewAccountTittleTest</a> <!-- method navigator-link -->
                      </span>
                      <br/>
                      <span>
                        <img src="passed.png" width="3%"/>
                        <a href="#" panel-name="suite-_UI_Bank_Application_Automation_Suite" title="Tescases.TransferfundPageTest" class="method navigator-link" hash-for-method="verifyToboxTest">verifyToboxTest</a> <!-- method navigator-link -->
                      </span>
                      <br/>
                      <span>
                        <img src="passed.png" width="3%"/>
                        <a href="#" panel-name="suite-_UI_Bank_Application_Automation_Suite" title="Tescases.TransferfundPageTest" class="method navigator-link" hash-for-method="verifyfromboxTest">verifyfromboxTest</a> <!-- method navigator-link -->
                      </span>
                      <br/>
                    </div> <!-- method-list-content passed suite-_UI_Bank_Application_Automation_Suite -->
                  </li>
                </ul>
              </div> <!-- suite-section-content -->
            </div> <!-- result-section -->
          </div> <!-- navigator-suite-content -->
        </div> <!-- rounded-window -->
      </div> <!-- suite -->
    </div> <!-- navigator-root -->
    <div class="wrapper">
      <div class="main-panel-root">
        <div panel-name="suite-_UI_Bank_Application_Automation_Suite" class="panel _UI_Bank_Application_Automation_Suite">
          <div class="suite-_UI_Bank_Application_Automation_Suite-class-failed">
            <div class="main-panel-header rounded-window-top">
              <img src="failed.png"/>
              <span class="class-name">Tescases.LoginPageDDTest2</span>
            </div> <!-- main-panel-header rounded-window-top -->
            <div class="main-panel-content rounded-window-bottom">
              <div class="method">
                <div class="method-content">
                  <a name="ValidateloginCredtential(jacksin, haihello)">
                  </a> <!-- ValidateloginCredtential(jacksin, haihello) -->
                  <span class="method-name">ValidateloginCredtential</span>
                  <span class="parameters">(jacksin, haihello)</span>
                  <div class="stack-trace">java.lang.AssertionError: expected [true] but found [false]
	at Tescases.LoginPageDDTest2.ValidateloginCredtential(LoginPageDDTest2.java:68)
	at java.base/java.util.ArrayList.forEach(ArrayList.java:1511)
... Removed 31 stack frames
</div> <!-- stack-trace -->
                </div> <!-- method-content -->
              </div> <!-- method -->
            </div> <!-- main-panel-content rounded-window-bottom -->
          </div> <!-- suite-_UI_Bank_Application_Automation_Suite-class-failed -->
          <div class="suite-_UI_Bank_Application_Automation_Suite-class-passed">
            <div class="main-panel-header rounded-window-top">
              <img src="passed.png"/>
              <span class="class-name">Tescases.RegisterationPageTest</span>
            </div> <!-- main-panel-header rounded-window-top -->
            <div class="main-panel-content rounded-window-bottom">
              <div class="method">
                <div class="method-content">
                  <a name="ValidateRegisterPageTest(abhiske, Mr, M, kumar, Male, Full-time, 27/04/1998, Widowed, 2)">
                  </a> <!-- ValidateRegisterPageTest(abhiske, Mr, M, kumar, Male, Full-time, 27/04/1998, Widowed, 2) -->
                  <span class="method-name">ValidateRegisterPageTest</span>
                  <span class="parameters">(abhiske, Mr, M, kumar, Male, Full-time, 27/04/1998, Widowed, 2)</span>
                </div> <!-- method-content -->
              </div> <!-- method -->
            </div> <!-- main-panel-content rounded-window-bottom -->
          </div> <!-- suite-_UI_Bank_Application_Automation_Suite-class-passed -->
          <div class="suite-_UI_Bank_Application_Automation_Suite-class-passed">
            <div class="main-panel-header rounded-window-top">
              <img src="passed.png"/>
              <span class="class-name">Tescases.ApplyLoanPageWay2Test</span>
            </div> <!-- main-panel-header rounded-window-top -->
            <div class="main-panel-content rounded-window-bottom">
              <div class="method">
                <div class="method-content">
                  <a name="ValidateApplyLoanWay2Test(java@yahoo.com, 2500, 3, 31400, 35)">
                  </a> <!-- ValidateApplyLoanWay2Test(java@yahoo.com, 2500, 3, 31400, 35) -->
                  <span class="method-name">ValidateApplyLoanWay2Test</span>
                  <span class="parameters">(java@yahoo.com, 2500, 3, 31400, 35)</span>
                </div> <!-- method-content -->
              </div> <!-- method -->
              <div class="method">
                <div class="method-content">
                  <a name="ValidateApplyLoanWay2Test(nosiko@gmail.com, 3000, 1, 45000, 22)">
                  </a> <!-- ValidateApplyLoanWay2Test(nosiko@gmail.com, 3000, 1, 45000, 22) -->
                  <span class="method-name">ValidateApplyLoanWay2Test</span>
                  <span class="parameters">(nosiko@gmail.com, 3000, 1, 45000, 22)</span>
                </div> <!-- method-content -->
              </div> <!-- method -->
            </div> <!-- main-panel-content rounded-window-bottom -->
          </div> <!-- suite-_UI_Bank_Application_Automation_Suite-class-passed -->
          <div class="suite-_UI_Bank_Application_Automation_Suite-class-passed">
            <div class="main-panel-header rounded-window-top">
              <img src="passed.png"/>
              <span class="class-name">Tescases.TransferfundPageTest</span>
            </div> <!-- main-panel-header rounded-window-top -->
            <div class="main-panel-content rounded-window-bottom">
              <div class="method">
                <div class="method-content">
                  <a name="VerifyConfrimTransferTest">
                  </a> <!-- VerifyConfrimTransferTest -->
                  <span class="method-name">VerifyConfrimTransferTest</span>
                </div> <!-- method-content -->
              </div> <!-- method -->
              <div class="method">
                <div class="method-content">
                  <a name="verifyToboxTest">
                  </a> <!-- verifyToboxTest -->
                  <span class="method-name">verifyToboxTest</span>
                </div> <!-- method-content -->
              </div> <!-- method -->
              <div class="method">
                <div class="method-content">
                  <a name="verifyfromboxTest">
                  </a> <!-- verifyfromboxTest -->
                  <span class="method-name">verifyfromboxTest</span>
                </div> <!-- method-content -->
              </div> <!-- method -->
            </div> <!-- main-panel-content rounded-window-bottom -->
          </div> <!-- suite-_UI_Bank_Application_Automation_Suite-class-passed -->
          <div class="suite-_UI_Bank_Application_Automation_Suite-class-passed">
            <div class="main-panel-header rounded-window-top">
              <img src="passed.png"/>
              <span class="class-name">Tescases.LoginPageTest</span>
            </div> <!-- main-panel-header rounded-window-top -->
            <div class="main-panel-content rounded-window-bottom">
              <div class="method">
                <div class="method-content">
                  <a name="LogiTest">
                  </a> <!-- LogiTest -->
                  <span class="method-name">LogiTest</span>
                </div> <!-- method-content -->
              </div> <!-- method -->
              <div class="method">
                <div class="method-content">
                  <a name="loginpagetittleTest">
                  </a> <!-- loginpagetittleTest -->
                  <span class="method-name">loginpagetittleTest</span>
                </div> <!-- method-content -->
              </div> <!-- method -->
              <div class="method">
                <div class="method-content">
                  <a name="logotest">
                  </a> <!-- logotest -->
                  <span class="method-name">logotest</span>
                </div> <!-- method-content -->
              </div> <!-- method -->
            </div> <!-- main-panel-content rounded-window-bottom -->
          </div> <!-- suite-_UI_Bank_Application_Automation_Suite-class-passed -->
          <div class="suite-_UI_Bank_Application_Automation_Suite-class-passed">
            <div class="main-panel-header rounded-window-top">
              <img src="passed.png"/>
              <span class="class-name">Tescases.ApplyLoanPageWay1Test</span>
            </div> <!-- main-panel-header rounded-window-top -->
            <div class="main-panel-content rounded-window-bottom">
              <div class="method">
                <div class="method-content">
                  <a name="validateApplyLoanformWay1(java@yahoo.com, 2500, 3, 31400, 35)">
                  </a> <!-- validateApplyLoanformWay1(java@yahoo.com, 2500, 3, 31400, 35) -->
                  <span class="method-name">validateApplyLoanformWay1</span>
                  <span class="parameters">(java@yahoo.com, 2500, 3, 31400, 35)</span>
                </div> <!-- method-content -->
              </div> <!-- method -->
              <div class="method">
                <div class="method-content">
                  <a name="validateApplyLoanformWay1(nosiko@gmail.com, 3000, 1, 45000, 22)">
                  </a> <!-- validateApplyLoanformWay1(nosiko@gmail.com, 3000, 1, 45000, 22) -->
                  <span class="method-name">validateApplyLoanformWay1</span>
                  <span class="parameters">(nosiko@gmail.com, 3000, 1, 45000, 22)</span>
                </div> <!-- method-content -->
              </div> <!-- method -->
            </div> <!-- main-panel-content rounded-window-bottom -->
          </div> <!-- suite-_UI_Bank_Application_Automation_Suite-class-passed -->
          <div class="suite-_UI_Bank_Application_Automation_Suite-class-passed">
            <div class="main-panel-header rounded-window-top">
              <img src="passed.png"/>
              <span class="class-name">Tescases.HomePageTest</span>
            </div> <!-- main-panel-header rounded-window-top -->
            <div class="main-panel-content rounded-window-bottom">
              <div class="method">
                <div class="method-content">
                  <a name="VerifyclickTransfrerFundTest">
                  </a> <!-- VerifyclickTransfrerFundTest -->
                  <span class="method-name">VerifyclickTransfrerFundTest</span>
                </div> <!-- method-content -->
              </div> <!-- method -->
              <div class="method">
                <div class="method-content">
                  <a name="verifyHomepageTittleTest">
                  </a> <!-- verifyHomepageTittleTest -->
                  <span class="method-name">verifyHomepageTittleTest</span>
                </div> <!-- method-content -->
              </div> <!-- method -->
            </div> <!-- main-panel-content rounded-window-bottom -->
          </div> <!-- suite-_UI_Bank_Application_Automation_Suite-class-passed -->
          <div class="suite-_UI_Bank_Application_Automation_Suite-class-passed">
            <div class="main-panel-header rounded-window-top">
              <img src="passed.png"/>
              <span class="class-name">Tescases.NewAccountCreationPageTest</span>
            </div> <!-- main-panel-header rounded-window-top -->
            <div class="main-panel-content rounded-window-bottom">
              <div class="method">
                <div class="method-content">
                  <a name="ValidateNewAccountCreationTest">
                  </a> <!-- ValidateNewAccountCreationTest -->
                  <span class="method-name">ValidateNewAccountCreationTest</span>
                </div> <!-- method-content -->
              </div> <!-- method -->
              <div class="method">
                <div class="method-content">
                  <a name="verifyNewAccountTittleTest">
                  </a> <!-- verifyNewAccountTittleTest -->
                  <span class="method-name">verifyNewAccountTittleTest</span>
                </div> <!-- method-content -->
              </div> <!-- method -->
            </div> <!-- main-panel-content rounded-window-bottom -->
          </div> <!-- suite-_UI_Bank_Application_Automation_Suite-class-passed -->
        </div> <!-- panel _UI_Bank_Application_Automation_Suite -->
        <div panel-name="test-xml-_UI_Bank_Application_Automation_Suite" class="panel">
          <div class="main-panel-header rounded-window-top">
            <span class="header-content">C:\Users\USER\eclipse-workspace\UI_Bank\testng.xml</span>
          </div> <!-- main-panel-header rounded-window-top -->
          <div class="main-panel-content rounded-window-bottom">
            <pre>
&lt;?xml version=&quot;1.0&quot; encoding=&quot;UTF-8&quot;?&gt;
&lt;!DOCTYPE suite SYSTEM &quot;https://testng.org/testng-1.0.dtd&quot;&gt;
&lt;suite name=&quot; UI Bank Application Automation Suite&quot; guice-stage=&quot;DEVELOPMENT&quot;&gt;
  &lt;listeners&gt;
    &lt;listener class-name=&quot;UtilitiesTest.Reporting&quot;/&gt;
  &lt;/listeners&gt;
  &lt;test thread-count=&quot;5&quot; name=&quot;UI Bank application test&quot;&gt;
    &lt;classes&gt;
      &lt;class name=&quot;Tescases.LoginPageTest&quot;/&gt;
      &lt;class name=&quot;Tescases.LoginPageDDTest2&quot;/&gt;
      &lt;class name=&quot;Tescases.HomePageTest&quot;/&gt;
      &lt;class name=&quot;Tescases.ApplyLoanPageWay1Test&quot;/&gt;
      &lt;class name=&quot;Tescases.ApplyLoanPageWay2Test&quot;/&gt;
      &lt;class name=&quot;Tescases.TransferfundPageTest&quot;/&gt;
      &lt;class name=&quot;Tescases.RegisterationPageTest&quot;/&gt;
      &lt;class name=&quot;Tescases.NewAccountCreationPageTest&quot;/&gt;
    &lt;/classes&gt;
  &lt;/test&gt; &lt;!-- UI Bank application test --&gt;
&lt;/suite&gt; &lt;!--  UI Bank Application Automation Suite --&gt;
            </pre>
          </div> <!-- main-panel-content rounded-window-bottom -->
        </div> <!-- panel -->
        <div panel-name="testlist-_UI_Bank_Application_Automation_Suite" class="panel">
          <div class="main-panel-header rounded-window-top">
            <span class="header-content">Tests for  UI Bank Application Automation Suite</span>
          </div> <!-- main-panel-header rounded-window-top -->
          <div class="main-panel-content rounded-window-bottom">
            <ul>
              <li>
                <span class="test-name">UI Bank application test (8 classes)</span>
              </li>
            </ul>
          </div> <!-- main-panel-content rounded-window-bottom -->
        </div> <!-- panel -->
        <div panel-name="group-_UI_Bank_Application_Automation_Suite" class="panel">
          <div class="main-panel-header rounded-window-top">
            <span class="header-content">Groups for  UI Bank Application Automation Suite</span>
          </div> <!-- main-panel-header rounded-window-top -->
          <div class="main-panel-content rounded-window-bottom">
          </div> <!-- main-panel-content rounded-window-bottom -->
        </div> <!-- panel -->
        <div panel-name="times-_UI_Bank_Application_Automation_Suite" class="panel">
          <div class="main-panel-header rounded-window-top">
            <span class="header-content">Times for  UI Bank Application Automation Suite</span>
          </div> <!-- main-panel-header rounded-window-top -->
          <div class="main-panel-content rounded-window-bottom">
            <div class="times-div">
              <script type="text/javascript">
suiteTableInitFunctions.push('tableData__UI_Bank_Application_Automation_Suite');
function tableData__UI_Bank_Application_Automation_Suite() {
var data = new google.visualization.DataTable();
data.addColumn('number', 'Number');
data.addColumn('string', 'Method');
data.addColumn('string', 'Class');
data.addColumn('number', 'Time (ms)');
data.addRows(16);
data.setCell(0, 0, 0)
data.setCell(0, 1, 'ValidateRegisterPageTest')
data.setCell(0, 2, 'Tescases.RegisterationPageTest')
data.setCell(0, 3, 7897);
data.setCell(1, 0, 1)
data.setCell(1, 1, 'validateApplyLoanformWay1')
data.setCell(1, 2, 'Tescases.ApplyLoanPageWay1Test')
data.setCell(1, 3, 5792);
data.setCell(2, 0, 2)
data.setCell(2, 1, 'ValidateNewAccountCreationTest')
data.setCell(2, 2, 'Tescases.NewAccountCreationPageTest')
data.setCell(2, 3, 5657);
data.setCell(3, 0, 3)
data.setCell(3, 1, 'validateApplyLoanformWay1')
data.setCell(3, 2, 'Tescases.ApplyLoanPageWay1Test')
data.setCell(3, 3, 5201);
data.setCell(4, 0, 4)
data.setCell(4, 1, 'ValidateApplyLoanWay2Test')
data.setCell(4, 2, 'Tescases.ApplyLoanPageWay2Test')
data.setCell(4, 3, 5106);
data.setCell(5, 0, 5)
data.setCell(5, 1, 'ValidateApplyLoanWay2Test')
data.setCell(5, 2, 'Tescases.ApplyLoanPageWay2Test')
data.setCell(5, 3, 5094);
data.setCell(6, 0, 6)
data.setCell(6, 1, 'VerifyConfrimTransferTest')
data.setCell(6, 2, 'Tescases.TransferfundPageTest')
data.setCell(6, 3, 5075);
data.setCell(7, 0, 7)
data.setCell(7, 1, 'ValidateloginCredtential')
data.setCell(7, 2, 'Tescases.LoginPageDDTest2')
data.setCell(7, 3, 3637);
data.setCell(8, 0, 8)
data.setCell(8, 1, 'VerifyclickTransfrerFundTest')
data.setCell(8, 2, 'Tescases.HomePageTest')
data.setCell(8, 3, 2210);
data.setCell(9, 0, 9)
data.setCell(9, 1, 'verifyfromboxTest')
data.setCell(9, 2, 'Tescases.TransferfundPageTest')
data.setCell(9, 3, 852);
data.setCell(10, 0, 10)
data.setCell(10, 1, 'verifyToboxTest')
data.setCell(10, 2, 'Tescases.TransferfundPageTest')
data.setCell(10, 3, 825);
data.setCell(11, 0, 11)
data.setCell(11, 1, 'LogiTest')
data.setCell(11, 2, 'Tescases.LoginPageTest')
data.setCell(11, 3, 743);
data.setCell(12, 0, 12)
data.setCell(12, 1, 'logotest')
data.setCell(12, 2, 'Tescases.LoginPageTest')
data.setCell(12, 3, 382);
data.setCell(13, 0, 13)
data.setCell(13, 1, 'loginpagetittleTest')
data.setCell(13, 2, 'Tescases.LoginPageTest')
data.setCell(13, 3, 80);
data.setCell(14, 0, 14)
data.setCell(14, 1, 'verifyHomepageTittleTest')
data.setCell(14, 2, 'Tescases.HomePageTest')
data.setCell(14, 3, 37);
data.setCell(15, 0, 15)
data.setCell(15, 1, 'verifyNewAccountTittleTest')
data.setCell(15, 2, 'Tescases.NewAccountCreationPageTest')
data.setCell(15, 3, 33);
window.suiteTableData['_UI_Bank_Application_Automation_Suite']= { tableData: data, tableDiv: 'times-div-_UI_Bank_Application_Automation_Suite'}
return data;
}
              </script>
              <span class="suite-total-time">Total running time: 48 seconds</span>
              <div id="times-div-_UI_Bank_Application_Automation_Suite">
              </div> <!-- times-div-_UI_Bank_Application_Automation_Suite -->
            </div> <!-- times-div -->
          </div> <!-- main-panel-content rounded-window-bottom -->
        </div> <!-- panel -->
        <div panel-name="reporter-_UI_Bank_Application_Automation_Suite" class="panel">
          <div class="main-panel-header rounded-window-top">
            <span class="header-content">Reporter output for  UI Bank Application Automation Suite</span>
          </div> <!-- main-panel-header rounded-window-top -->
          <div class="main-panel-content rounded-window-bottom">
          </div> <!-- main-panel-content rounded-window-bottom -->
        </div> <!-- panel -->
        <div panel-name="ignored-methods-_UI_Bank_Application_Automation_Suite" class="panel">
          <div class="main-panel-header rounded-window-top">
            <span class="header-content">0 ignored methods</span>
          </div> <!-- main-panel-header rounded-window-top -->
          <div class="main-panel-content rounded-window-bottom">
          </div> <!-- main-panel-content rounded-window-bottom -->
        </div> <!-- panel -->
        <div panel-name="chronological-_UI_Bank_Application_Automation_Suite" class="panel">
          <div class="main-panel-header rounded-window-top">
            <span class="header-content">Methods in chronological order</span>
          </div> <!-- main-panel-header rounded-window-top -->
          <div class="main-panel-content rounded-window-bottom">
            <div class="chronological-class">
              <div class="chronological-class-name">Tescases.LoginPageTest</div> <!-- chronological-class-name -->
              <div class="configuration-class before">
                <span class="method-name">setup</span>
                <span class="method-start">0 ms</span>
              </div> <!-- configuration-class before -->
              <div class="test-method">
                <span class="method-name">loginpagetittleTest</span>
                <span class="method-start">75653 ms</span>
              </div> <!-- test-method -->
              <div class="configuration-method after">
                <span class="method-name">tearDown([TestResult name=loginpagetittleTest status=SUCCESS method=LoginPageTest.loginpagetittleTest()[pri:1...)</span>
                <span class="method-start">75846 ms</span>
              </div> <!-- configuration-method after -->
              <div class="test-method">
                <span class="method-name">logotest</span>
                <span class="method-start">75862 ms</span>
              </div> <!-- test-method -->
              <div class="configuration-method after">
                <span class="method-name">tearDown([TestResult name=logotest status=SUCCESS method=LoginPageTest.logotest()[pri:2, instance:Tescases.Lo...)</span>
                <span class="method-start">76247 ms</span>
              </div> <!-- configuration-method after -->
              <div class="test-method">
                <span class="method-name">LogiTest</span>
                <span class="method-start">76248 ms</span>
              </div> <!-- test-method -->
              <div class="configuration-method after">
                <span class="method-name">tearDown([TestResult name=LogiTest status=SUCCESS method=LoginPageTest.LogiTest()[pri:3, instance:Tescases.Lo...)</span>
                <span class="method-start">76998 ms</span>
              </div> <!-- configuration-method after -->
              <div class="configuration-class after">
                <span class="method-name">teardown</span>
                <span class="method-start">77003 ms</span>
              </div> <!-- configuration-class after -->
            </div> <!-- chronological-class -->
            <div class="chronological-class">
              <div class="chronological-class-name">Tescases.LoginPageDDTest2</div> <!-- chronological-class-name -->
              <div class="configuration-class before">
                <span class="method-name">setup</span>
                <span class="method-start">80628 ms</span>
              </div> <!-- configuration-class before -->
              <div class="test-method">
                <img src="failed.png">
                </img>
                <span class="method-name">ValidateloginCredtential(jacksin, haihello)</span>
                <span class="method-start">108133 ms</span>
              </div> <!-- test-method -->
              <div class="configuration-method after">
                <span class="method-name">tearDown([TestResult name=ValidateloginCredtential status=FAILURE method=LoginPageDDTest2.ValidateloginCredte...)</span>
                <span class="method-start">111803 ms</span>
              </div> <!-- configuration-method after -->
              <div class="configuration-class after">
                <span class="method-name">tearDown</span>
                <span class="method-start">112545 ms</span>
              </div> <!-- configuration-class after -->
            </div> <!-- chronological-class -->
            <div class="chronological-class">
              <div class="chronological-class-name">Tescases.HomePageTest</div> <!-- chronological-class-name -->
              <div class="configuration-method before">
                <span class="method-name">setup</span>
                <span class="method-start">114143 ms</span>
              </div> <!-- configuration-method before -->
              <div class="test-method">
                <span class="method-name">verifyHomepageTittleTest</span>
                <span class="method-start">130005 ms</span>
              </div> <!-- test-method -->
              <div class="configuration-method after">
                <span class="method-name">tearDown([TestResult name=verifyHomepageTittleTest status=SUCCESS method=HomePageTest.verifyHomepageTittleTes...)</span>
                <span class="method-start">130048 ms</span>
              </div> <!-- configuration-method after -->
              <div class="configuration-method before">
                <span class="method-name">setup</span>
                <span class="method-start">131308 ms</span>
              </div> <!-- configuration-method before -->
              <div class="test-method">
                <span class="method-name">VerifyclickTransfrerFundTest</span>
                <span class="method-start">143714 ms</span>
              </div> <!-- test-method -->
              <div class="configuration-method after">
                <span class="method-name">tearDown([TestResult name=VerifyclickTransfrerFundTest status=SUCCESS method=HomePageTest.VerifyclickTransfre...)</span>
                <span class="method-start">145930 ms</span>
              </div> <!-- configuration-method after -->
            </div> <!-- chronological-class -->
            <div class="chronological-class">
              <div class="chronological-class-name">Tescases.ApplyLoanPageWay1Test</div> <!-- chronological-class-name -->
              <div class="configuration-method before">
                <span class="method-name">setup</span>
                <span class="method-start">147799 ms</span>
              </div> <!-- configuration-method before -->
              <div class="test-method">
                <span class="method-name">validateApplyLoanformWay1(nosiko@gmail.com, 3000, 1, 45000, 22)</span>
                <span class="method-start">164663 ms</span>
              </div> <!-- test-method -->
              <div class="configuration-method after">
                <span class="method-name">tearDown([TestResult name=validateApplyLoanformWay1 status=SUCCESS method=ApplyLoanPageWay1Test.validateApply...)</span>
                <span class="method-start">170465 ms</span>
              </div> <!-- configuration-method after -->
              <div class="configuration-method before">
                <span class="method-name">setup</span>
                <span class="method-start">172813 ms</span>
              </div> <!-- configuration-method before -->
              <div class="test-method">
                <span class="method-name">validateApplyLoanformWay1(java@yahoo.com, 2500, 3, 31400, 35)</span>
                <span class="method-start">187469 ms</span>
              </div> <!-- test-method -->
              <div class="configuration-method after">
                <span class="method-name">tearDown([TestResult name=validateApplyLoanformWay1 status=SUCCESS method=ApplyLoanPageWay1Test.validateApply...)</span>
                <span class="method-start">192681 ms</span>
              </div> <!-- configuration-method after -->
            </div> <!-- chronological-class -->
            <div class="chronological-class">
              <div class="chronological-class-name">Tescases.ApplyLoanPageWay2Test</div> <!-- chronological-class-name -->
              <div class="configuration-method before">
                <span class="method-name">setup</span>
                <span class="method-start">197017 ms</span>
              </div> <!-- configuration-method before -->
              <div class="test-method">
                <span class="method-name">ValidateApplyLoanWay2Test(nosiko@gmail.com, 3000, 1, 45000, 22)</span>
                <span class="method-start">220239 ms</span>
              </div> <!-- test-method -->
              <div class="configuration-method after">
                <span class="method-name">tearDown([TestResult name=ValidateApplyLoanWay2Test status=SUCCESS method=ApplyLoanPageWay2Test.ValidateApply...)</span>
                <span class="method-start">225353 ms</span>
              </div> <!-- configuration-method after -->
              <div class="configuration-method before">
                <span class="method-name">setup</span>
                <span class="method-start">227139 ms</span>
              </div> <!-- configuration-method before -->
              <div class="test-method">
                <span class="method-name">ValidateApplyLoanWay2Test(java@yahoo.com, 2500, 3, 31400, 35)</span>
                <span class="method-start">247354 ms</span>
              </div> <!-- test-method -->
              <div class="configuration-method after">
                <span class="method-name">tearDown([TestResult name=ValidateApplyLoanWay2Test status=SUCCESS method=ApplyLoanPageWay2Test.ValidateApply...)</span>
                <span class="method-start">252459 ms</span>
              </div> <!-- configuration-method after -->
            </div> <!-- chronological-class -->
            <div class="chronological-class">
              <div class="chronological-class-name">Tescases.TransferfundPageTest</div> <!-- chronological-class-name -->
              <div class="configuration-method before">
                <span class="method-name">setup</span>
                <span class="method-start">254223 ms</span>
              </div> <!-- configuration-method before -->
              <div class="test-method">
                <span class="method-name">verifyfromboxTest</span>
                <span class="method-start">267267 ms</span>
              </div> <!-- test-method -->
              <div class="configuration-method after">
                <span class="method-name">tearDown([TestResult name=verifyfromboxTest status=SUCCESS method=TransferfundPageTest.verifyfromboxTest()[pr...)</span>
                <span class="method-start">268123 ms</span>
              </div> <!-- configuration-method after -->
              <div class="configuration-method before">
                <span class="method-name">setup</span>
                <span class="method-start">269489 ms</span>
              </div> <!-- configuration-method before -->
              <div class="test-method">
                <span class="method-name">verifyToboxTest</span>
                <span class="method-start">285566 ms</span>
              </div> <!-- test-method -->
              <div class="configuration-method after">
                <span class="method-name">tearDown([TestResult name=verifyToboxTest status=SUCCESS method=TransferfundPageTest.verifyToboxTest()[pri:2,...)</span>
                <span class="method-start">286400 ms</span>
              </div> <!-- configuration-method after -->
              <div class="configuration-method before">
                <span class="method-name">setup</span>
                <span class="method-start">287656 ms</span>
              </div> <!-- configuration-method before -->
              <div class="test-method">
                <span class="method-name">VerifyConfrimTransferTest</span>
                <span class="method-start">299974 ms</span>
              </div> <!-- test-method -->
              <div class="configuration-method after">
                <span class="method-name">tearDown([TestResult name=VerifyConfrimTransferTest status=SUCCESS method=TransferfundPageTest.VerifyConfrimT...)</span>
                <span class="method-start">305053 ms</span>
              </div> <!-- configuration-method after -->
            </div> <!-- chronological-class -->
            <div class="chronological-class">
              <div class="chronological-class-name">Tescases.RegisterationPageTest</div> <!-- chronological-class-name -->
              <div class="configuration-class before">
                <span class="method-name">setup</span>
                <span class="method-start">306052 ms</span>
              </div> <!-- configuration-class before -->
              <div class="test-method">
                <span class="method-name">ValidateRegisterPageTest(abhiske, Mr, M, kumar, Male, Full-time, 27/04/1998, Widowed, 2)</span>
                <span class="method-start">317354 ms</span>
              </div> <!-- test-method -->
              <div class="configuration-method after">
                <span class="method-name">tearDown([TestResult name=ValidateRegisterPageTest status=SUCCESS method=RegisterationPageTest.ValidateRegist...)</span>
                <span class="method-start">325255 ms</span>
              </div> <!-- configuration-method after -->
              <div class="configuration-class after">
                <span class="method-name">tearDown</span>
                <span class="method-start">325257 ms</span>
              </div> <!-- configuration-class after -->
            </div> <!-- chronological-class -->
            <div class="chronological-class">
              <div class="chronological-class-name">Tescases.NewAccountCreationPageTest</div> <!-- chronological-class-name -->
              <div class="configuration-method before">
                <span class="method-name">setup</span>
                <span class="method-start">326554 ms</span>
              </div> <!-- configuration-method before -->
              <div class="test-method">
                <span class="method-name">verifyNewAccountTittleTest</span>
                <span class="method-start">338699 ms</span>
              </div> <!-- test-method -->
              <div class="configuration-method after">
                <span class="method-name">tearDown([TestResult name=verifyNewAccountTittleTest status=SUCCESS method=NewAccountCreationPageTest.verifyN...)</span>
                <span class="method-start">338738 ms</span>
              </div> <!-- configuration-method after -->
              <div class="configuration-method before">
                <span class="method-name">setup</span>
                <span class="method-start">340030 ms</span>
              </div> <!-- configuration-method before -->
              <div class="test-method">
                <span class="method-name">ValidateNewAccountCreationTest</span>
                <span class="method-start">350821 ms</span>
              </div> <!-- test-method -->
              <div class="configuration-method after">
                <span class="method-name">tearDown([TestResult name=ValidateNewAccountCreationTest status=SUCCESS method=NewAccountCreationPageTest.Val...)</span>
                <span class="method-start">356482 ms</span>
              </div> <!-- configuration-method after -->
          </div> <!-- main-panel-content rounded-window-bottom -->
        </div> <!-- panel -->
      </div> <!-- main-panel-root -->
    </div> <!-- wrapper -->
  </body>
<script type="text/javascript" src="testng-reports2.js"></script>
</html>
