<?xml version="1.0" encoding="UTF-8"?>
<testng-results ignored="0" total="16" passed="15" failed="1" skipped="0">
  <reporter-output>
  </reporter-output>
  <suite started-at="2022-10-01T20:23:18 IST" name=" UI Bank Application Automation Suite" finished-at="2022-10-01T20:29:18 IST" duration-ms="359638">
    <groups>
    </groups>
    <test started-at="2022-10-01T20:23:18 IST" name="UI Bank application test" finished-at="2022-10-01T20:29:18 IST" duration-ms="359638">
      <class name="Tescases.NewAccountCreationPageTest">
        <test-method is-config="true" signature="setup()[pri:0, instance:Tescases.NewAccountCreationPageTest@1ed4ae0f]" started-at="2022-10-01T20:28:46 IST" name="setup" finished-at="2022-10-01T20:28:58 IST" duration-ms="12145" status="PASS">
          <reporter-output>
          </reporter-output>
        </test-method> <!-- setup -->
        <test-method signature="verifyNewAccountTittleTest()[pri:1, instance:Tescases.NewAccountCreationPageTest@1ed4ae0f]" started-at="2022-10-01T20:28:58 IST" name="verifyNewAccountTittleTest" finished-at="2022-10-01T20:28:58 IST" duration-ms="33" status="PASS">
          <reporter-output>
          </reporter-output>
        </test-method> <!-- verifyNewAccountTittleTest -->
        <test-method is-config="true" signature="tearDown(org.testng.ITestResult)[pri:0, instance:Tescases.NewAccountCreationPageTest@1ed4ae0f]" started-at="2022-10-01T20:28:58 IST" name="tearDown" finished-at="2022-10-01T20:28:59 IST" duration-ms="1291" status="PASS">
          <params>
            <param index="0">
              <value>
                <![CDATA[[TestResult name=verifyNewAccountTittleTest status=SUCCESS method=NewAccountCreationPageTest.verifyNewAccountTittleTest()[pri:1, instance:Tescases.NewAccountCreationPageTest@1ed4ae0f] output={null}]]]>
              </value>
            </param>
          </params>
          <reporter-output>
          </reporter-output>
        </test-method> <!-- tearDown -->
        <test-method is-config="true" signature="setup()[pri:0, instance:Tescases.NewAccountCreationPageTest@1ed4ae0f]" started-at="2022-10-01T20:28:59 IST" name="setup" finished-at="2022-10-01T20:29:10 IST" duration-ms="10791" status="PASS">
          <reporter-output>
          </reporter-output>
        </test-method> <!-- setup -->
        <test-method signature="ValidateNewAccountCreationTest()[pri:2, instance:Tescases.NewAccountCreationPageTest@1ed4ae0f]" started-at="2022-10-01T20:29:10 IST" name="ValidateNewAccountCreationTest" finished-at="2022-10-01T20:29:16 IST" duration-ms="5657" status="PASS">
          <reporter-output>
          </reporter-output>
        </test-method> <!-- ValidateNewAccountCreationTest -->
        <test-method is-config="true" signature="tearDown(org.testng.ITestResult)[pri:0, instance:Tescases.NewAccountCreationPageTest@1ed4ae0f]" started-at="2022-10-01T20:29:16 IST" name="tearDown" finished-at="2022-10-01T20:29:18 IST" duration-ms="1862" status="PASS">
          <params>
            <param index="0">
              <value>
                <![CDATA[[TestResult name=ValidateNewAccountCreationTest status=SUCCESS method=NewAccountCreationPageTest.ValidateNewAccountCreationTest()[pri:2, instance:Tescases.NewAccountCreationPageTest@1ed4ae0f] output={null}]]]>
              </value>
            </param>
          </params>
          <reporter-output>
          </reporter-output>
        </test-method> <!-- tearDown -->
      </class> <!-- Tescases.NewAccountCreationPageTest -->
      <class name="Tescases.RegisterationPageTest">
        <test-method is-config="true" signature="setup()[pri:0, instance:Tescases.RegisterationPageTest@7526515b]" started-at="2022-10-01T20:28:25 IST" name="setup" finished-at="2022-10-01T20:28:37 IST" duration-ms="11175" status="PASS">
          <reporter-output>
          </reporter-output>
        </test-method> <!-- setup -->
        <test-method signature="ValidateRegisterPageTest(java.lang.String,java.lang.String,java.lang.String,java.lang.String,java.lang.String,java.lang.String,java.lang.String,java.lang.String,java.lang.String)[pri:0, instance:Tescases.RegisterationPageTest@7526515b]" started-at="2022-10-01T20:28:37 IST" name="ValidateRegisterPageTest" data-provider="excel" finished-at="2022-10-01T20:28:45 IST" duration-ms="7897" status="PASS">
          <params>
            <param index="0">
              <value>
                <![CDATA[abhiske]]>
              </value>
            </param>
            <param index="1">
              <value>
                <![CDATA[Mr]]>
              </value>
            </param>
            <param index="2">
              <value>
                <![CDATA[M]]>
              </value>
            </param>
            <param index="3">
              <value>
                <![CDATA[kumar]]>
              </value>
            </param>
            <param index="4">
              <value>
                <![CDATA[Male]]>
              </value>
            </param>
            <param index="5">
              <value>
                <![CDATA[Full-time]]>
              </value>
            </param>
            <param index="6">
              <value>
                <![CDATA[27/04/1998]]>
              </value>
            </param>
            <param index="7">
              <value>
                <![CDATA[Widowed]]>
              </value>
            </param>
            <param index="8">
              <value>
                <![CDATA[2]]>
              </value>
            </param>
          </params>
          <reporter-output>
          </reporter-output>
        </test-method> <!-- ValidateRegisterPageTest -->
        <test-method is-config="true" signature="tearDown(org.testng.ITestResult)[pri:0, instance:Tescases.RegisterationPageTest@7526515b]" started-at="2022-10-01T20:28:45 IST" name="tearDown" finished-at="2022-10-01T20:28:45 IST" duration-ms="2" status="PASS">
          <params>
            <param index="0">
              <value>
                <![CDATA[[TestResult name=ValidateRegisterPageTest status=SUCCESS method=RegisterationPageTest.ValidateRegisterPageTest(java.lang.String,java.lang.String,java.lang.String,java.lang.String,java.lang.String,java.lang.String,java.lang.String,java.lang.String,java.lang.String)[pri:0, instance:Tescases.RegisterationPageTest@7526515b] output={null}]]]>
              </value>
            </param>
          </params>
          <reporter-output>
          </reporter-output>
        </test-method> <!-- tearDown -->
        <test-method is-config="true" signature="tearDown()[pri:0, instance:Tescases.RegisterationPageTest@7526515b]" started-at="2022-10-01T20:28:45 IST" name="tearDown" finished-at="2022-10-01T20:28:46 IST" duration-ms="1296" status="PASS">
          <reporter-output>
          </reporter-output>
        </test-method> <!-- tearDown -->
      </class> <!-- Tescases.RegisterationPageTest -->
      <class name="Tescases.HomePageTest">
        <test-method is-config="true" signature="setup()[pri:0, instance:Tescases.HomePageTest@46cdf8bd]" started-at="2022-10-01T20:25:14 IST" name="setup" finished-at="2022-10-01T20:25:29 IST" duration-ms="15861" status="PASS">
          <reporter-output>
          </reporter-output>
        </test-method> <!-- setup -->
        <test-method signature="verifyHomepageTittleTest()[pri:1, instance:Tescases.HomePageTest@46cdf8bd]" started-at="2022-10-01T20:25:29 IST" name="verifyHomepageTittleTest" finished-at="2022-10-01T20:25:29 IST" duration-ms="37" status="PASS">
          <reporter-output>
          </reporter-output>
        </test-method> <!-- verifyHomepageTittleTest -->
        <test-method is-config="true" signature="tearDown(org.testng.ITestResult)[pri:0, instance:Tescases.HomePageTest@46cdf8bd]" started-at="2022-10-01T20:25:29 IST" name="tearDown" finished-at="2022-10-01T20:25:31 IST" duration-ms="1258" status="PASS">
          <params>
            <param index="0">
              <value>
                <![CDATA[[TestResult name=verifyHomepageTittleTest status=SUCCESS method=HomePageTest.verifyHomepageTittleTest()[pri:1, instance:Tescases.HomePageTest@46cdf8bd] output={null}]]]>
              </value>
            </param>
          </params>
          <reporter-output>
          </reporter-output>
        </test-method> <!-- tearDown -->
        <test-method is-config="true" signature="setup()[pri:0, instance:Tescases.HomePageTest@46cdf8bd]" started-at="2022-10-01T20:25:31 IST" name="setup" finished-at="2022-10-01T20:25:43 IST" duration-ms="12406" status="PASS">
          <reporter-output>
          </reporter-output>
        </test-method> <!-- setup -->
        <test-method signature="VerifyclickTransfrerFundTest()[pri:2, instance:Tescases.HomePageTest@46cdf8bd]" started-at="2022-10-01T20:25:43 IST" name="VerifyclickTransfrerFundTest" finished-at="2022-10-01T20:25:45 IST" duration-ms="2210" status="PASS">
          <reporter-output>
          </reporter-output>
        </test-method> <!-- VerifyclickTransfrerFundTest -->
        <test-method is-config="true" signature="tearDown(org.testng.ITestResult)[pri:0, instance:Tescases.HomePageTest@46cdf8bd]" started-at="2022-10-01T20:25:45 IST" name="tearDown" finished-at="2022-10-01T20:25:47 IST" duration-ms="1724" status="PASS">
          <params>
            <param index="0">
              <value>
                <![CDATA[[TestResult name=VerifyclickTransfrerFundTest status=SUCCESS method=HomePageTest.VerifyclickTransfrerFundTest()[pri:2, instance:Tescases.HomePageTest@46cdf8bd] output={null}]]]>
              </value>
            </param>
          </params>
          <reporter-output>
          </reporter-output>
        </test-method> <!-- tearDown -->
      </class> <!-- Tescases.HomePageTest -->
      <class name="Tescases.LoginPageDDTest2">
        <test-method is-config="true" signature="setup()[pri:0, instance:Tescases.LoginPageDDTest2@2a7f1f10]" started-at="2022-10-01T20:24:40 IST" name="setup" finished-at="2022-10-01T20:25:01 IST" duration-ms="20860" status="PASS">
          <reporter-output>
          </reporter-output>
        </test-method> <!-- setup -->
        <test-method signature="ValidateloginCredtential(java.lang.String,java.lang.String)[pri:0, instance:Tescases.LoginPageDDTest2@2a7f1f10]" started-at="2022-10-01T20:25:08 IST" name="ValidateloginCredtential" data-provider="excel" finished-at="2022-10-01T20:25:11 IST" duration-ms="3637" status="FAIL">
          <params>
            <param index="0">
              <value>
                <![CDATA[jacksin]]>
              </value>
            </param>
            <param index="1">
              <value>
                <![CDATA[haihello]]>
              </value>
            </param>
          </params>
          <exception class="java.lang.AssertionError">
            <message>
              <![CDATA[expected [true] but found [false]]]>
            </message>
            <full-stacktrace>
              <![CDATA[java.lang.AssertionError: expected [true] but found [false]
at org.testng.Assert.fail(Assert.java:99)
at org.testng.Assert.failNotEquals(Assert.java:1037)
at org.testng.Assert.assertTrue(Assert.java:45)
at org.testng.Assert.assertTrue(Assert.java:55)
at Tescases.LoginPageDDTest2.ValidateloginCredtential(LoginPageDDTest2.java:68)
at java.base/jdk.internal.reflect.NativeMethodAccessorImpl.invoke0(Native Method)
at java.base/jdk.internal.reflect.NativeMethodAccessorImpl.invoke(NativeMethodAccessorImpl.java:77)
at java.base/jdk.internal.reflect.DelegatingMethodAccessorImpl.invoke(DelegatingMethodAccessorImpl.java:43)
at java.base/java.lang.reflect.Method.invoke(Method.java:568)
at org.testng.internal.MethodInvocationHelper.invokeMethod(MethodInvocationHelper.java:133)
at org.testng.internal.TestInvoker.invokeMethod(TestInvoker.java:598)
at org.testng.internal.TestInvoker.invokeTestMethod(TestInvoker.java:173)
at org.testng.internal.MethodRunner.runInSequence(MethodRunner.java:46)
at org.testng.internal.TestInvoker$MethodInvocationAgent.invoke(TestInvoker.java:824)
at org.testng.internal.TestInvoker.invokeTestMethods(TestInvoker.java:146)
at org.testng.internal.TestMethodWorker.invokeTestMethods(TestMethodWorker.java:146)
at org.testng.internal.TestMethodWorker.run(TestMethodWorker.java:128)
at java.base/java.util.ArrayList.forEach(ArrayList.java:1511)
at org.testng.TestRunner.privateRun(TestRunner.java:794)
at org.testng.TestRunner.run(TestRunner.java:596)
at org.testng.SuiteRunner.runTest(SuiteRunner.java:377)
at org.testng.SuiteRunner.runSequentially(SuiteRunner.java:371)
at org.testng.SuiteRunner.privateRun(SuiteRunner.java:332)
at org.testng.SuiteRunner.run(SuiteRunner.java:276)
at org.testng.SuiteRunnerWorker.runSuite(SuiteRunnerWorker.java:53)
at org.testng.SuiteRunnerWorker.run(SuiteRunnerWorker.java:96)
at org.testng.TestNG.runSuitesSequentially(TestNG.java:1212)
at org.testng.TestNG.runSuitesLocally(TestNG.java:1134)
at org.testng.TestNG.runSuites(TestNG.java:1063)
at org.testng.TestNG.run(TestNG.java:1031)
at org.testng.remote.AbstractRemoteTestNG.run(AbstractRemoteTestNG.java:115)
at org.testng.remote.RemoteTestNG.initAndRun(RemoteTestNG.java:251)
at org.testng.remote.RemoteTestNG.main(RemoteTestNG.java:77)
]]>
            </full-stacktrace>
          </exception> <!-- java.lang.AssertionError -->
          <reporter-output>
          </reporter-output>
        </test-method> <!-- ValidateloginCredtential -->
        <test-method is-config="true" signature="tearDown(org.testng.ITestResult)[pri:0, instance:Tescases.LoginPageDDTest2@2a7f1f10]" started-at="2022-10-01T20:25:11 IST" name="tearDown" finished-at="2022-10-01T20:25:12 IST" duration-ms="742" status="PASS">
          <params>
            <param index="0">
              <value>
                <![CDATA[[TestResult name=ValidateloginCredtential status=FAILURE method=LoginPageDDTest2.ValidateloginCredtential(java.lang.String,java.lang.String)[pri:0, instance:Tescases.LoginPageDDTest2@2a7f1f10] output={null}]]]>
              </value>
            </param>
          </params>
          <reporter-output>
          </reporter-output>
        </test-method> <!-- tearDown -->
        <test-method is-config="true" signature="tearDown()[pri:0, instance:Tescases.LoginPageDDTest2@2a7f1f10]" started-at="2022-10-01T20:25:12 IST" name="tearDown" finished-at="2022-10-01T20:25:14 IST" duration-ms="1595" status="PASS">
          <reporter-output>
          </reporter-output>
        </test-method> <!-- tearDown -->
      </class> <!-- Tescases.LoginPageDDTest2 -->
      <class name="Tescases.TransferfundPageTest">
        <test-method is-config="true" signature="setup()[pri:0, instance:Tescases.TransferfundPageTest@644baf4a]" started-at="2022-10-01T20:27:34 IST" name="setup" finished-at="2022-10-01T20:27:47 IST" duration-ms="13044" status="PASS">
          <reporter-output>
          </reporter-output>
        </test-method> <!-- setup -->
        <test-method signature="verifyfromboxTest()[pri:1, instance:Tescases.TransferfundPageTest@644baf4a]" started-at="2022-10-01T20:27:47 IST" name="verifyfromboxTest" finished-at="2022-10-01T20:27:48 IST" duration-ms="852" status="PASS">
          <reporter-output>
          </reporter-output>
        </test-method> <!-- verifyfromboxTest -->
        <test-method is-config="true" signature="tearDown(org.testng.ITestResult)[pri:0, instance:Tescases.TransferfundPageTest@644baf4a]" started-at="2022-10-01T20:27:48 IST" name="tearDown" finished-at="2022-10-01T20:27:49 IST" duration-ms="1365" status="PASS">
          <params>
            <param index="0">
              <value>
                <![CDATA[[TestResult name=verifyfromboxTest status=SUCCESS method=TransferfundPageTest.verifyfromboxTest()[pri:1, instance:Tescases.TransferfundPageTest@644baf4a] output={null}]]]>
              </value>
            </param>
          </params>
          <reporter-output>
          </reporter-output>
        </test-method> <!-- tearDown -->
        <test-method is-config="true" signature="setup()[pri:0, instance:Tescases.TransferfundPageTest@644baf4a]" started-at="2022-10-01T20:27:49 IST" name="setup" finished-at="2022-10-01T20:28:05 IST" duration-ms="16077" status="PASS">
          <reporter-output>
          </reporter-output>
        </test-method> <!-- setup -->
        <test-method signature="verifyToboxTest()[pri:2, instance:Tescases.TransferfundPageTest@644baf4a]" started-at="2022-10-01T20:28:05 IST" name="verifyToboxTest" finished-at="2022-10-01T20:28:06 IST" duration-ms="825" status="PASS">
          <reporter-output>
          </reporter-output>
        </test-method> <!-- verifyToboxTest -->
        <test-method is-config="true" signature="tearDown(org.testng.ITestResult)[pri:0, instance:Tescases.TransferfundPageTest@644baf4a]" started-at="2022-10-01T20:28:06 IST" name="tearDown" finished-at="2022-10-01T20:28:07 IST" duration-ms="1253" status="PASS">
          <params>
            <param index="0">
              <value>
                <![CDATA[[TestResult name=verifyToboxTest status=SUCCESS method=TransferfundPageTest.verifyToboxTest()[pri:2, instance:Tescases.TransferfundPageTest@644baf4a] output={null}]]]>
              </value>
            </param>
          </params>
          <reporter-output>
          </reporter-output>
        </test-method> <!-- tearDown -->
        <test-method is-config="true" signature="setup()[pri:0, instance:Tescases.TransferfundPageTest@644baf4a]" started-at="2022-10-01T20:28:07 IST" name="setup" finished-at="2022-10-01T20:28:19 IST" duration-ms="12318" status="PASS">
          <reporter-output>
          </reporter-output>
        </test-method> <!-- setup -->
        <test-method signature="VerifyConfrimTransferTest()[pri:3, instance:Tescases.TransferfundPageTest@644baf4a]" started-at="2022-10-01T20:28:19 IST" name="VerifyConfrimTransferTest" finished-at="2022-10-01T20:28:24 IST" duration-ms="5075" status="PASS">
          <reporter-output>
          </reporter-output>
        </test-method> <!-- VerifyConfrimTransferTest -->
        <test-method is-config="true" signature="tearDown(org.testng.ITestResult)[pri:0, instance:Tescases.TransferfundPageTest@644baf4a]" started-at="2022-10-01T20:28:24 IST" name="tearDown" finished-at="2022-10-01T20:28:25 IST" duration-ms="998" status="PASS">
          <params>
            <param index="0">
              <value>
                <![CDATA[[TestResult name=VerifyConfrimTransferTest status=SUCCESS method=TransferfundPageTest.VerifyConfrimTransferTest()[pri:3, instance:Tescases.TransferfundPageTest@644baf4a] output={null}]]]>
              </value>
            </param>
          </params>
          <reporter-output>
          </reporter-output>
        </test-method> <!-- tearDown -->
      </class> <!-- Tescases.TransferfundPageTest -->
      <class name="Tescases.LoginPageTest">
        <test-method is-config="true" signature="setup()[pri:0, instance:Tescases.LoginPageTest@4145bad8]" started-at="2022-10-01T20:23:19 IST" name="setup" finished-at="2022-10-01T20:24:35 IST" duration-ms="75589" status="PASS">
          <reporter-output>
          </reporter-output>
        </test-method> <!-- setup -->
        <test-method signature="loginpagetittleTest()[pri:1, instance:Tescases.LoginPageTest@4145bad8]" started-at="2022-10-01T20:24:35 IST" name="loginpagetittleTest" finished-at="2022-10-01T20:24:35 IST" duration-ms="80" status="PASS">
          <reporter-output>
          </reporter-output>
        </test-method> <!-- loginpagetittleTest -->
        <test-method is-config="true" signature="tearDown(org.testng.ITestResult)[pri:0, instance:Tescases.LoginPageTest@4145bad8]" started-at="2022-10-01T20:24:35 IST" name="tearDown" finished-at="2022-10-01T20:24:35 IST" duration-ms="3" status="PASS">
          <params>
            <param index="0">
              <value>
                <![CDATA[[TestResult name=loginpagetittleTest status=SUCCESS method=LoginPageTest.loginpagetittleTest()[pri:1, instance:Tescases.LoginPageTest@4145bad8] output={null}]]]>
              </value>
            </param>
          </params>
          <reporter-output>
          </reporter-output>
        </test-method> <!-- tearDown -->
        <test-method signature="logotest()[pri:2, instance:Tescases.LoginPageTest@4145bad8]" started-at="2022-10-01T20:24:35 IST" name="logotest" finished-at="2022-10-01T20:24:36 IST" duration-ms="382" status="PASS">
          <reporter-output>
          </reporter-output>
        </test-method> <!-- logotest -->
        <test-method is-config="true" signature="tearDown(org.testng.ITestResult)[pri:0, instance:Tescases.LoginPageTest@4145bad8]" started-at="2022-10-01T20:24:36 IST" name="tearDown" finished-at="2022-10-01T20:24:36 IST" duration-ms="1" status="PASS">
          <params>
            <param index="0">
              <value>
                <![CDATA[[TestResult name=logotest status=SUCCESS method=LoginPageTest.logotest()[pri:2, instance:Tescases.LoginPageTest@4145bad8] output={null}]]]>
              </value>
            </param>
          </params>
          <reporter-output>
          </reporter-output>
        </test-method> <!-- tearDown -->
        <test-method signature="LogiTest()[pri:3, instance:Tescases.LoginPageTest@4145bad8]" started-at="2022-10-01T20:24:36 IST" name="LogiTest" finished-at="2022-10-01T20:24:36 IST" duration-ms="743" status="PASS">
          <reporter-output>
          </reporter-output>
        </test-method> <!-- LogiTest -->
        <test-method is-config="true" signature="tearDown(org.testng.ITestResult)[pri:0, instance:Tescases.LoginPageTest@4145bad8]" started-at="2022-10-01T20:24:36 IST" name="tearDown" finished-at="2022-10-01T20:24:36 IST" duration-ms="2" status="PASS">
          <params>
            <param index="0">
              <value>
                <![CDATA[[TestResult name=LogiTest status=SUCCESS method=LoginPageTest.LogiTest()[pri:3, instance:Tescases.LoginPageTest@4145bad8] output={null}]]]>
              </value>
            </param>
          </params>
          <reporter-output>
          </reporter-output>
        </test-method> <!-- tearDown -->
        <test-method is-config="true" signature="teardown()[pri:0, instance:Tescases.LoginPageTest@4145bad8]" started-at="2022-10-01T20:24:36 IST" name="teardown" finished-at="2022-10-01T20:24:40 IST" duration-ms="3624" status="PASS">
          <reporter-output>
          </reporter-output>
        </test-method> <!-- teardown -->
      </class> <!-- Tescases.LoginPageTest -->
      <class name="Tescases.ApplyLoanPageWay2Test">
        <test-method is-config="true" signature="setup()[pri:0, instance:Tescases.ApplyLoanPageWay2Test@f78a47e]" started-at="2022-10-01T20:26:36 IST" name="setup" finished-at="2022-10-01T20:27:00 IST" duration-ms="23222" status="PASS">
          <reporter-output>
          </reporter-output>
        </test-method> <!-- setup -->
        <test-method signature="ValidateApplyLoanWay2Test(java.lang.String,java.lang.String,java.lang.String,java.lang.String,java.lang.String)[pri:0, instance:Tescases.ApplyLoanPageWay2Test@f78a47e]" started-at="2022-10-01T20:27:00 IST" name="ValidateApplyLoanWay2Test" data-provider="excel" finished-at="2022-10-01T20:27:05 IST" duration-ms="5106" status="PASS">
          <params>
            <param index="0">
              <value>
                <![CDATA[nosiko@gmail.com]]>
              </value>
            </param>
            <param index="1">
              <value>
                <![CDATA[3000]]>
              </value>
            </param>
            <param index="2">
              <value>
                <![CDATA[1]]>
              </value>
            </param>
            <param index="3">
              <value>
                <![CDATA[45000]]>
              </value>
            </param>
            <param index="4">
              <value>
                <![CDATA[22]]>
              </value>
            </param>
          </params>
          <reporter-output>
          </reporter-output>
        </test-method> <!-- ValidateApplyLoanWay2Test -->
        <test-method is-config="true" signature="tearDown(org.testng.ITestResult)[pri:0, instance:Tescases.ApplyLoanPageWay2Test@f78a47e]" started-at="2022-10-01T20:27:05 IST" name="tearDown" finished-at="2022-10-01T20:27:07 IST" duration-ms="1785" status="PASS">
          <params>
            <param index="0">
              <value>
                <![CDATA[[TestResult name=ValidateApplyLoanWay2Test status=SUCCESS method=ApplyLoanPageWay2Test.ValidateApplyLoanWay2Test(java.lang.String,java.lang.String,java.lang.String,java.lang.String,java.lang.String)[pri:0, instance:Tescases.ApplyLoanPageWay2Test@f78a47e] output={null}]]]>
              </value>
            </param>
          </params>
          <reporter-output>
          </reporter-output>
        </test-method> <!-- tearDown -->
        <test-method is-config="true" signature="setup()[pri:0, instance:Tescases.ApplyLoanPageWay2Test@f78a47e]" started-at="2022-10-01T20:27:07 IST" name="setup" finished-at="2022-10-01T20:27:27 IST" duration-ms="20214" status="PASS">
          <reporter-output>
          </reporter-output>
        </test-method> <!-- setup -->
        <test-method signature="ValidateApplyLoanWay2Test(java.lang.String,java.lang.String,java.lang.String,java.lang.String,java.lang.String)[pri:0, instance:Tescases.ApplyLoanPageWay2Test@f78a47e]" started-at="2022-10-01T20:27:27 IST" name="ValidateApplyLoanWay2Test" data-provider="excel" finished-at="2022-10-01T20:27:32 IST" duration-ms="5094" status="PASS">
          <params>
            <param index="0">
              <value>
                <![CDATA[java@yahoo.com]]>
              </value>
            </param>
            <param index="1">
              <value>
                <![CDATA[2500]]>
              </value>
            </param>
            <param index="2">
              <value>
                <![CDATA[3]]>
              </value>
            </param>
            <param index="3">
              <value>
                <![CDATA[31400]]>
              </value>
            </param>
            <param index="4">
              <value>
                <![CDATA[35]]>
              </value>
            </param>
          </params>
          <reporter-output>
          </reporter-output>
        </test-method> <!-- ValidateApplyLoanWay2Test -->
        <test-method is-config="true" signature="tearDown(org.testng.ITestResult)[pri:0, instance:Tescases.ApplyLoanPageWay2Test@f78a47e]" started-at="2022-10-01T20:27:32 IST" name="tearDown" finished-at="2022-10-01T20:27:34 IST" duration-ms="1760" status="PASS">
          <params>
            <param index="0">
              <value>
                <![CDATA[[TestResult name=ValidateApplyLoanWay2Test status=SUCCESS method=ApplyLoanPageWay2Test.ValidateApplyLoanWay2Test(java.lang.String,java.lang.String,java.lang.String,java.lang.String,java.lang.String)[pri:0, instance:Tescases.ApplyLoanPageWay2Test@f78a47e] output={null}]]]>
              </value>
            </param>
          </params>
          <reporter-output>
          </reporter-output>
        </test-method> <!-- tearDown -->
      </class> <!-- Tescases.ApplyLoanPageWay2Test -->
      <class name="Tescases.ApplyLoanPageWay1Test">
        <test-method is-config="true" signature="setup()[pri:0, instance:Tescases.ApplyLoanPageWay1Test@f0c8a99]" started-at="2022-10-01T20:25:47 IST" name="setup" finished-at="2022-10-01T20:26:04 IST" duration-ms="16864" status="PASS">
          <reporter-output>
          </reporter-output>
        </test-method> <!-- setup -->
        <test-method signature="validateApplyLoanformWay1(java.lang.String,java.lang.String,java.lang.String,java.lang.String,java.lang.String)[pri:0, instance:Tescases.ApplyLoanPageWay1Test@f0c8a99]" started-at="2022-10-01T20:26:04 IST" name="validateApplyLoanformWay1" data-provider="excel" finished-at="2022-10-01T20:26:10 IST" duration-ms="5792" status="PASS">
          <params>
            <param index="0">
              <value>
                <![CDATA[nosiko@gmail.com]]>
              </value>
            </param>
            <param index="1">
              <value>
                <![CDATA[3000]]>
              </value>
            </param>
            <param index="2">
              <value>
                <![CDATA[1]]>
              </value>
            </param>
            <param index="3">
              <value>
                <![CDATA[45000]]>
              </value>
            </param>
            <param index="4">
              <value>
                <![CDATA[22]]>
              </value>
            </param>
          </params>
          <reporter-output>
          </reporter-output>
        </test-method> <!-- validateApplyLoanformWay1 -->
        <test-method is-config="true" signature="tearDown(org.testng.ITestResult)[pri:0, instance:Tescases.ApplyLoanPageWay1Test@f0c8a99]" started-at="2022-10-01T20:26:10 IST" name="tearDown" finished-at="2022-10-01T20:26:12 IST" duration-ms="2346" status="PASS">
          <params>
            <param index="0">
              <value>
                <![CDATA[[TestResult name=validateApplyLoanformWay1 status=SUCCESS method=ApplyLoanPageWay1Test.validateApplyLoanformWay1(java.lang.String,java.lang.String,java.lang.String,java.lang.String,java.lang.String)[pri:0, instance:Tescases.ApplyLoanPageWay1Test@f0c8a99] output={null}]]]>
              </value>
            </param>
          </params>
          <reporter-output>
          </reporter-output>
        </test-method> <!-- tearDown -->
        <test-method is-config="true" signature="setup()[pri:0, instance:Tescases.ApplyLoanPageWay1Test@f0c8a99]" started-at="2022-10-01T20:26:12 IST" name="setup" finished-at="2022-10-01T20:26:27 IST" duration-ms="14656" status="PASS">
          <reporter-output>
          </reporter-output>
        </test-method> <!-- setup -->
        <test-method signature="validateApplyLoanformWay1(java.lang.String,java.lang.String,java.lang.String,java.lang.String,java.lang.String)[pri:0, instance:Tescases.ApplyLoanPageWay1Test@f0c8a99]" started-at="2022-10-01T20:26:27 IST" name="validateApplyLoanformWay1" data-provider="excel" finished-at="2022-10-01T20:26:32 IST" duration-ms="5201" status="PASS">
          <params>
            <param index="0">
              <value>
                <![CDATA[java@yahoo.com]]>
              </value>
            </param>
            <param index="1">
              <value>
                <![CDATA[2500]]>
              </value>
            </param>
            <param index="2">
              <value>
                <![CDATA[3]]>
              </value>
            </param>
            <param index="3">
              <value>
                <![CDATA[31400]]>
              </value>
            </param>
            <param index="4">
              <value>
                <![CDATA[35]]>
              </value>
            </param>
          </params>
          <reporter-output>
          </reporter-output>
        </test-method> <!-- validateApplyLoanformWay1 -->
        <test-method is-config="true" signature="tearDown(org.testng.ITestResult)[pri:0, instance:Tescases.ApplyLoanPageWay1Test@f0c8a99]" started-at="2022-10-01T20:26:32 IST" name="tearDown" finished-at="2022-10-01T20:26:36 IST" duration-ms="4142" status="PASS">
          <params>
            <param index="0">
              <value>
                <![CDATA[[TestResult name=validateApplyLoanformWay1 status=SUCCESS method=ApplyLoanPageWay1Test.validateApplyLoanformWay1(java.lang.String,java.lang.String,java.lang.String,java.lang.String,java.lang.String)[pri:0, instance:Tescases.ApplyLoanPageWay1Test@f0c8a99] output={null}]]]>
              </value>
            </param>
          </params>
          <reporter-output>
          </reporter-output>
        </test-method> <!-- tearDown -->
      </class> <!-- Tescases.ApplyLoanPageWay1Test -->
    </test> <!-- UI Bank application test -->
  </suite> <!--  UI Bank Application Automation Suite -->
</testng-results>
