<html>
<head>
<title>TestNG:  UI Bank application test</title>
<link href="../testng.css" rel="stylesheet" type="text/css" />
<link href="../my-testng.css" rel="stylesheet" type="text/css" />

<style type="text/css">
.log { display: none;} 
.stack-trace { display: none;} 
</style>
<script type="text/javascript">
<!--
function flip(e) {
  current = e.style.display;
  if (current == 'block') {
    e.style.display = 'none';
    return 0;
  }
  else {
    e.style.display = 'block';
    return 1;
  }
}

function toggleBox(szDivId, elem, msg1, msg2)
{
  var res = -1;  if (document.getElementById) {
    res = flip(document.getElementById(szDivId));
  }
  else if (document.all) {
    // this is the way old msie versions work
    res = flip(document.all[szDivId]);
  }
  if(elem) {
    if(res == 0) elem.innerHTML = msg1; else elem.innerHTML = msg2;
  }

}

function toggleAllBoxes() {
  if (document.getElementsByTagName) {
    d = document.getElementsByTagName('div');
    for (i = 0; i < d.length; i++) {
      if (d[i].className == 'log') {
        flip(d[i]);
      }
    }
  }
}

// -->
</script>

</head>
<body>
<h2 align='center'>UI Bank application test</h2><table border='1' align="center">
<tr>
<td>Tests passed/Failed/Skipped:</td><td>15/1/0</td>
</tr><tr>
<td>Started on:</td><td>Sat Oct 01 20:23:18 IST 2022</td>
</tr>
<tr><td>Total time:</td><td>359 seconds (359638 ms)</td>
</tr><tr>
<td>Included groups:</td><td></td>
</tr><tr>
<td>Excluded groups:</td><td></td>
</tr>
</table><p/>
<small><i>(Hover the method name to see the test class name)</i></small><p/>
<table width='100%' border='1' class='invocation-failed'>
<tr><td colspan='4' align='center'><b>FAILED TESTS</b></td></tr>
<tr><td><b>Test method</b></td>
<td width="30%"><b>Exception</b></td>
<td width="10%"><b>Time (seconds)</b></td>
<td><b>Instance</b></td>
</tr>
<tr>
<td title='Tescases.LoginPageDDTest2.ValidateloginCredtential()'><b>ValidateloginCredtential</b><br>Test class: Tescases.LoginPageDDTest2<br>Parameters: jacksin, haihello</td>
<td><div><pre>java.lang.AssertionError: expected [true] but found [false]
	at Tescases.LoginPageDDTest2.ValidateloginCredtential(LoginPageDDTest2.java:68)
	at java.base/java.util.ArrayList.forEach(ArrayList.java:1511)
... Removed 31 stack frames</pre></div><a href='#' onClick='toggleBox("stack-trace1821335795", this, "Click to show all stack frames", "Click to hide stack frames")'>Click to show all stack frames</a>
<div class='stack-trace' id='stack-trace1821335795'><pre>java.lang.AssertionError: expected [true] but found [false]
	at org.testng.Assert.fail(Assert.java:99)
	at org.testng.Assert.failNotEquals(Assert.java:1037)
	at org.testng.Assert.assertTrue(Assert.java:45)
	at org.testng.Assert.assertTrue(Assert.java:55)
	at Tescases.LoginPageDDTest2.ValidateloginCredtential(LoginPageDDTest2.java:68)
	at java.base/jdk.internal.reflect.NativeMethodAccessorImpl.invoke0(Native Method)
	at java.base/jdk.internal.reflect.NativeMethodAccessorImpl.invoke(NativeMethodAccessorImpl.java:77)
	at java.base/jdk.internal.reflect.DelegatingMethodAccessorImpl.invoke(DelegatingMethodAccessorImpl.java:43)
	at java.base/java.lang.reflect.Method.invoke(Method.java:568)
	at org.testng.internal.MethodInvocationHelper.invokeMethod(MethodInvocationHelper.java:133)
	at org.testng.internal.TestInvoker.invokeMethod(TestInvoker.java:598)
	at org.testng.internal.TestInvoker.invokeTestMethod(TestInvoker.java:173)
	at org.testng.internal.MethodRunner.runInSequence(MethodRunner.java:46)
	at org.testng.internal.TestInvoker$MethodInvocationAgent.invoke(TestInvoker.java:824)
	at org.testng.internal.TestInvoker.invokeTestMethods(TestInvoker.java:146)
	at org.testng.internal.TestMethodWorker.invokeTestMethods(TestMethodWorker.java:146)
	at org.testng.internal.TestMethodWorker.run(TestMethodWorker.java:128)
	at java.base/java.util.ArrayList.forEach(ArrayList.java:1511)
	at org.testng.TestRunner.privateRun(TestRunner.java:794)
	at org.testng.TestRunner.run(TestRunner.java:596)
	at org.testng.SuiteRunner.runTest(SuiteRunner.java:377)
	at org.testng.SuiteRunner.runSequentially(SuiteRunner.java:371)
	at org.testng.SuiteRunner.privateRun(SuiteRunner.java:332)
	at org.testng.SuiteRunner.run(SuiteRunner.java:276)
	at org.testng.SuiteRunnerWorker.runSuite(SuiteRunnerWorker.java:53)
	at org.testng.SuiteRunnerWorker.run(SuiteRunnerWorker.java:96)
	at org.testng.TestNG.runSuitesSequentially(TestNG.java:1212)
	at org.testng.TestNG.runSuitesLocally(TestNG.java:1134)
	at org.testng.TestNG.runSuites(TestNG.java:1063)
	at org.testng.TestNG.run(TestNG.java:1031)
	at org.testng.remote.AbstractRemoteTestNG.run(AbstractRemoteTestNG.java:115)
	at org.testng.remote.RemoteTestNG.initAndRun(RemoteTestNG.java:251)
	at org.testng.remote.RemoteTestNG.main(RemoteTestNG.java:77)
</pre></div></td>
<td>3</td>
<td>Tescases.LoginPageDDTest2@2a7f1f10</td></tr>
</table><p>
<table width='100%' border='1' class='invocation-passed'>
<tr><td colspan='4' align='center'><b>PASSED TESTS</b></td></tr>
<tr><td><b>Test method</b></td>
<td width="30%"><b>Exception</b></td>
<td width="10%"><b>Time (seconds)</b></td>
<td><b>Instance</b></td>
</tr>
<tr>
<td title='Tescases.NewAccountCreationPageTest.verifyNewAccountTittleTest()'><b>verifyNewAccountTittleTest</b><br>Test class: Tescases.NewAccountCreationPageTest</td>
<td></td>
<td>0</td>
<td>Tescases.NewAccountCreationPageTest@1ed4ae0f</td></tr>
<tr>
<td title='Tescases.HomePageTest.VerifyclickTransfrerFundTest()'><b>VerifyclickTransfrerFundTest</b><br>Test class: Tescases.HomePageTest</td>
<td></td>
<td>2</td>
<td>Tescases.HomePageTest@46cdf8bd</td></tr>
<tr>
<td title='Tescases.LoginPageTest.loginpagetittleTest()'><b>loginpagetittleTest</b><br>Test class: Tescases.LoginPageTest</td>
<td></td>
<td>0</td>
<td>Tescases.LoginPageTest@4145bad8</td></tr>
<tr>
<td title='Tescases.ApplyLoanPageWay1Test.validateApplyLoanformWay1()'><b>validateApplyLoanformWay1</b><br>Test class: Tescases.ApplyLoanPageWay1Test<br>Parameters: java@yahoo.com, 2500, 3, 31400, 35</td>
<td></td>
<td>5</td>
<td>Tescases.ApplyLoanPageWay1Test@f0c8a99</td></tr>
<tr>
<td title='Tescases.LoginPageTest.logotest()'><b>logotest</b><br>Test class: Tescases.LoginPageTest</td>
<td></td>
<td>0</td>
<td>Tescases.LoginPageTest@4145bad8</td></tr>
<tr>
<td title='Tescases.HomePageTest.verifyHomepageTittleTest()'><b>verifyHomepageTittleTest</b><br>Test class: Tescases.HomePageTest</td>
<td></td>
<td>0</td>
<td>Tescases.HomePageTest@46cdf8bd</td></tr>
<tr>
<td title='Tescases.TransferfundPageTest.verifyfromboxTest()'><b>verifyfromboxTest</b><br>Test class: Tescases.TransferfundPageTest</td>
<td></td>
<td>0</td>
<td>Tescases.TransferfundPageTest@644baf4a</td></tr>
<tr>
<td title='Tescases.ApplyLoanPageWay2Test.ValidateApplyLoanWay2Test()'><b>ValidateApplyLoanWay2Test</b><br>Test class: Tescases.ApplyLoanPageWay2Test<br>Parameters: java@yahoo.com, 2500, 3, 31400, 35</td>
<td></td>
<td>5</td>
<td>Tescases.ApplyLoanPageWay2Test@f78a47e</td></tr>
<tr>
<td title='Tescases.ApplyLoanPageWay1Test.validateApplyLoanformWay1()'><b>validateApplyLoanformWay1</b><br>Test class: Tescases.ApplyLoanPageWay1Test<br>Parameters: nosiko@gmail.com, 3000, 1, 45000, 22</td>
<td></td>
<td>5</td>
<td>Tescases.ApplyLoanPageWay1Test@f0c8a99</td></tr>
<tr>
<td title='Tescases.NewAccountCreationPageTest.ValidateNewAccountCreationTest()'><b>ValidateNewAccountCreationTest</b><br>Test class: Tescases.NewAccountCreationPageTest</td>
<td></td>
<td>5</td>
<td>Tescases.NewAccountCreationPageTest@1ed4ae0f</td></tr>
<tr>
<td title='Tescases.RegisterationPageTest.ValidateRegisterPageTest()'><b>ValidateRegisterPageTest</b><br>Test class: Tescases.RegisterationPageTest<br>Parameters: abhiske, Mr, M, kumar, Male, Full-time, 27/04/1998, Widowed, 2</td>
<td></td>
<td>7</td>
<td>Tescases.RegisterationPageTest@7526515b</td></tr>
<tr>
<td title='Tescases.TransferfundPageTest.VerifyConfrimTransferTest()'><b>VerifyConfrimTransferTest</b><br>Test class: Tescases.TransferfundPageTest</td>
<td></td>
<td>5</td>
<td>Tescases.TransferfundPageTest@644baf4a</td></tr>
<tr>
<td title='Tescases.LoginPageTest.LogiTest()'><b>LogiTest</b><br>Test class: Tescases.LoginPageTest</td>
<td></td>
<td>0</td>
<td>Tescases.LoginPageTest@4145bad8</td></tr>
<tr>
<td title='Tescases.ApplyLoanPageWay2Test.ValidateApplyLoanWay2Test()'><b>ValidateApplyLoanWay2Test</b><br>Test class: Tescases.ApplyLoanPageWay2Test<br>Parameters: nosiko@gmail.com, 3000, 1, 45000, 22</td>
<td></td>
<td>5</td>
<td>Tescases.ApplyLoanPageWay2Test@f78a47e</td></tr>
<tr>
<td title='Tescases.TransferfundPageTest.verifyToboxTest()'><b>verifyToboxTest</b><br>Test class: Tescases.TransferfundPageTest</td>
<td></td>
<td>0</td>
<td>Tescases.TransferfundPageTest@644baf4a</td></tr>
</table><p>
</body>
</html>