<?xml version="1.0" encoding="UTF-8"?>
<!-- Generated by org.testng.reporters.JUnitXMLReporter -->
<testsuite ignored="0" hostname="DESKTOP-J60NGBA" failures="1" tests="16" name="UI Bank application test" time="359.638" errors="0" timestamp="2022-10-01T20:29:18 IST">
  <testcase classname="Tescases.LoginPageTest" name="loginpagetittleTest" time="0.08"/>
  <testcase classname="Tescases.LoginPageTest" name="logotest" time="0.382"/>
  <testcase classname="Tescases.LoginPageTest" name="LogiTest" time="0.743"/>
  <testcase classname="Tescases.LoginPageDDTest2" name="ValidateloginCredtential" time="3.637">
    <failure type="java.lang.AssertionError" message="expected [true] but found [false]">
      <![CDATA[java.lang.AssertionError: expected [true] but found [false]
at Tescases.LoginPageDDTest2.ValidateloginCredtential(LoginPageDDTest2.java:68)
at java.base/java.util.ArrayList.forEach(ArrayList.java:1511)
... Removed 31 stack frames]]>
    </failure>
  </testcase> <!-- ValidateloginCredtential -->
  <testcase classname="Tescases.HomePageTest" name="verifyHomepageTittleTest" time="0.037"/>
  <testcase classname="Tescases.HomePageTest" name="VerifyclickTransfrerFundTest" time="2.21"/>
  <testcase classname="Tescases.ApplyLoanPageWay1Test" name="validateApplyLoanformWay1" time="5.792"/>
  <testcase classname="Tescases.ApplyLoanPageWay1Test" name="validateApplyLoanformWay1" time="5.201"/>
  <testcase classname="Tescases.ApplyLoanPageWay2Test" name="ValidateApplyLoanWay2Test" time="5.106"/>
  <testcase classname="Tescases.ApplyLoanPageWay2Test" name="ValidateApplyLoanWay2Test" time="5.094"/>
  <testcase classname="Tescases.TransferfundPageTest" name="verifyfromboxTest" time="0.852"/>
  <testcase classname="Tescases.TransferfundPageTest" name="verifyToboxTest" time="0.825"/>
  <testcase classname="Tescases.TransferfundPageTest" name="VerifyConfrimTransferTest" time="5.075"/>
  <testcase classname="Tescases.RegisterationPageTest" name="ValidateRegisterPageTest" time="7.897"/>
  <testcase classname="Tescases.NewAccountCreationPageTest" name="verifyNewAccountTittleTest" time="0.033"/>
  <testcase classname="Tescases.NewAccountCreationPageTest" name="ValidateNewAccountCreationTest" time="5.657"/>
</testsuite> <!-- UI Bank application test -->
